2022-07-25 11:44:56 INFO  BaseClass:42 - Lunching Chrome Browser....
  2022-07-25 11:44:56 INFO  BaseClass:51 - Maximizing Browser....
  2022-07-25 11:45:03 INFO  BaseClass:56 - Opening Application URL....
  2022-07-25 11:45:05 INFO  BaseClass:42 - Lunching Chrome Browser....
  2022-07-25 11:45:05 INFO  BaseClass:51 - Maximizing Browser....
  2022-07-25 11:45:11 INFO  BaseClass:56 - Opening Application URL....
  2022-07-25 11:45:12 INFO  BaseClass:42 - Lunching Chrome Browser....
  2022-07-25 11:45:12 INFO  BaseClass:51 - Maximizing Browser....
  2022-07-25 11:45:23 INFO  BaseClass:56 - Opening Application URL....
  2022-07-25 11:45:42 INFO  BaseClass:42 - Lunching Chrome Browser....
  2022-07-25 11:45:42 INFO  BaseClass:51 - Maximizing Browser....
  2022-07-25 11:45:48 INFO  BaseClass:56 - Opening Application URL....
  2022-07-25 11:45:48 INFO  BaseClass:37 - ************Login the Application**********************
  2022-07-25 11:45:48 INFO  BaseClass:38 - Open Home Page
  2022-07-25 11:45:48 INFO  BaseClass:43 - Opening Home Page
  2022-07-25 11:45:55 INFO  BaseClass:42 - Lunching Chrome Browser....
  2022-07-25 11:45:55 INFO  BaseClass:51 - Maximizing Browser....
  2022-07-25 11:46:07 INFO  BaseClass:56 - Opening Application URL....
  2022-07-25 11:46:08 INFO  BaseClass:37 - ************Login the Application**********************
  2022-07-25 11:46:08 INFO  BaseClass:38 - Open Home Page
  2022-07-25 11:46:14 INFO  BaseClass:42 - Lunching Chrome Browser....
  2022-07-25 11:46:14 INFO  BaseClass:51 - Maximizing Browser....
  2022-07-25 11:46:16 INFO  BaseClass:56 - Opening Application URL....
  2022-07-25 11:46:17 INFO  BaseClass:37 - ************Login the Application**********************
  2022-07-25 11:46:17 INFO  BaseClass:38 - Open Home Page
  2022-07-25 11:46:31 INFO  BaseClass:42 - Lunching Chrome Browser....
  2022-07-25 11:46:31 INFO  BaseClass:51 - Maximizing Browser....
  2022-07-25 11:46:32 INFO  BaseClass:56 - Opening Application URL....
  2022-07-25 11:48:28 INFO  BaseClass:42 - Lunching Chrome Browser....
  2022-07-25 11:48:28 INFO  BaseClass:51 - Maximizing Browser....
  2022-07-25 11:48:37 INFO  BaseClass:56 - Opening Application URL....
  2022-07-25 11:48:39 INFO  BaseClass:42 - Lunching Chrome Browser....
  2022-07-25 11:48:39 INFO  BaseClass:51 - Maximizing Browser....
  2022-07-25 11:48:44 INFO  BaseClass:56 - Opening Application URL....
  2022-07-25 11:48:45 INFO  BaseClass:42 - Lunching Chrome Browser....
  2022-07-25 11:48:45 INFO  BaseClass:51 - Maximizing Browser....
  2022-07-25 11:48:48 INFO  BaseClass:56 - Opening Application URL....
  2022-07-25 11:49:31 INFO  BaseClass:42 - Lunching Chrome Browser....
  2022-07-25 11:49:31 INFO  BaseClass:51 - Maximizing Browser....
  2022-07-25 11:49:34 INFO  BaseClass:56 - Opening Application URL....
  2022-07-25 11:49:35 INFO  BaseClass:37 - ************Login the Application**********************
  2022-07-25 11:49:35 INFO  BaseClass:38 - Open Home Page
  2022-07-25 11:49:35 INFO  BaseClass:43 - Opening Home Page
  2022-07-25 11:49:40 INFO  BaseClass:42 - Lunching Chrome Browser....
  2022-07-25 11:49:40 INFO  BaseClass:51 - Maximizing Browser....
  2022-07-25 11:49:42 INFO  BaseClass:56 - Opening Application URL....
  2022-07-25 11:49:43 INFO  BaseClass:37 - ************Login the Application**********************
  2022-07-25 11:49:43 INFO  BaseClass:38 - Open Home Page
  2022-07-25 11:49:48 INFO  BaseClass:42 - Lunching Chrome Browser....
  2022-07-25 11:49:48 INFO  BaseClass:51 - Maximizing Browser....
  2022-07-25 11:49:50 INFO  BaseClass:56 - Opening Application URL....
  2022-07-25 11:49:50 INFO  BaseClass:37 - ************Login the Application**********************
  2022-07-25 11:49:50 INFO  BaseClass:38 - Open Home Page
  2022-07-25 11:50:18 INFO  BaseClass:42 - Lunching Chrome Browser....
  2022-07-25 11:50:18 INFO  BaseClass:51 - Maximizing Browser....
  2022-07-25 11:50:21 INFO  BaseClass:56 - Opening Application URL....
  2022-07-25 11:50:21 INFO  BaseClass:37 - ************Login the Application**********************
  2022-07-25 11:50:21 INFO  BaseClass:38 - Open Home Page
  2022-07-25 11:50:31 INFO  BaseClass:42 - Lunching Chrome Browser....
  2022-07-25 11:50:31 INFO  BaseClass:51 - Maximizing Browser....
  2022-07-25 11:50:36 INFO  BaseClass:56 - Opening Application URL....
  2022-07-25 11:50:36 INFO  BaseClass:37 - ************Login the Application**********************
  2022-07-25 11:50:36 INFO  BaseClass:38 - Open Home Page
  2022-07-25 11:51:02 INFO  BaseClass:42 - Lunching Chrome Browser....
  2022-07-25 11:51:02 INFO  BaseClass:51 - Maximizing Browser....
  2022-07-25 11:51:08 INFO  BaseClass:56 - Opening Application URL....
  2022-07-25 11:51:09 INFO  BaseClass:37 - ************Login the Application**********************
  2022-07-25 11:51:09 INFO  BaseClass:38 - Open Home Page
  2022-07-25 11:51:35 INFO  BaseClass:42 - Lunching Chrome Browser....
  2022-07-25 11:51:35 INFO  BaseClass:51 - Maximizing Browser....
  2022-07-25 11:51:40 INFO  BaseClass:56 - Opening Application URL....
  2022-07-25 11:51:40 INFO  BaseClass:37 - ************Login the Application**********************
  2022-07-25 11:51:40 INFO  BaseClass:38 - Open Home Page
  2022-07-25 11:52:05 INFO  BaseClass:42 - Lunching Chrome Browser....
  2022-07-25 11:52:05 INFO  BaseClass:51 - Maximizing Browser....
  2022-07-25 11:52:11 INFO  BaseClass:56 - Opening Application URL....
  2022-07-25 11:52:12 INFO  BaseClass:37 - ************Login the Application**********************
  2022-07-25 11:52:12 INFO  BaseClass:38 - Open Home Page
  2022-07-25 11:55:24 INFO  BaseClass:42 - Lunching Chrome Browser....
  2022-07-25 11:55:24 INFO  BaseClass:51 - Maximizing Browser....
  2022-07-25 11:55:27 INFO  BaseClass:56 - Opening Application URL....
  2022-07-25 11:55:28 INFO  BaseClass:37 - ************Login the Application**********************
  2022-07-25 11:55:28 INFO  BaseClass:38 - Open Home Page
  2022-07-25 11:55:28 INFO  BaseClass:43 - Opening Home Page
  2022-07-25 11:55:41 INFO  BaseClass:42 - Lunching Chrome Browser....
  2022-07-25 11:55:41 INFO  BaseClass:51 - Maximizing Browser....
  2022-07-25 11:55:45 INFO  BaseClass:56 - Opening Application URL....
  2022-07-25 11:55:45 INFO  BaseClass:37 - ************Login the Application**********************
  2022-07-25 11:55:45 INFO  BaseClass:38 - Open Home Page
  2022-07-25 11:56:06 INFO  BaseClass:42 - Lunching Chrome Browser....
  2022-07-25 11:56:07 INFO  BaseClass:51 - Maximizing Browser....
  2022-07-25 11:56:11 INFO  BaseClass:56 - Opening Application URL....
  2022-07-25 11:56:11 INFO  BaseClass:37 - ************Login the Application**********************
  2022-07-25 11:56:11 INFO  BaseClass:38 - Open Home Page
  2022-07-25 11:56:25 INFO  BaseClass:42 - Lunching Chrome Browser....
  2022-07-25 11:56:25 INFO  BaseClass:51 - Maximizing Browser....
  2022-07-25 11:56:28 INFO  BaseClass:56 - Opening Application URL....
  2022-07-25 11:56:28 INFO  BaseClass:37 - ************Login the Application**********************
  2022-07-25 11:56:28 INFO  BaseClass:38 - Open Home Page
  2022-07-25 11:56:43 INFO  BaseClass:42 - Lunching Chrome Browser....
  2022-07-25 11:56:43 INFO  BaseClass:51 - Maximizing Browser....
  2022-07-25 11:56:49 INFO  BaseClass:56 - Opening Application URL....
  2022-07-25 11:56:50 INFO  BaseClass:37 - ************Login the Application**********************
  2022-07-25 11:56:50 INFO  BaseClass:38 - Open Home Page
  2022-07-25 11:57:29 INFO  BaseClass:42 - Lunching Chrome Browser....
  2022-07-25 11:57:30 INFO  BaseClass:51 - Maximizing Browser....
  2022-07-25 11:57:33 INFO  BaseClass:56 - Opening Application URL....
  2022-07-25 11:57:33 INFO  BaseClass:37 - ************Login the Application**********************
  2022-07-25 11:57:33 INFO  BaseClass:38 - Open Home Page
  2022-07-25 11:57:44 INFO  BaseClass:42 - Lunching Chrome Browser....
  2022-07-25 11:57:44 INFO  BaseClass:51 - Maximizing Browser....
  2022-07-25 11:57:48 INFO  BaseClass:56 - Opening Application URL....
  2022-07-25 11:57:48 INFO  BaseClass:37 - ************Login the Application**********************
  2022-07-25 11:57:48 INFO  BaseClass:38 - Open Home Page
  2022-07-25 11:57:57 INFO  BaseClass:42 - Lunching Chrome Browser....
  2022-07-25 11:57:57 INFO  BaseClass:51 - Maximizing Browser....
  2022-07-25 11:58:02 INFO  BaseClass:56 - Opening Application URL....
  2022-07-25 11:58:02 INFO  BaseClass:37 - ************Login the Application**********************
  2022-07-25 11:58:02 INFO  BaseClass:38 - Open Home Page
  2022-07-25 11:58:34 INFO  BaseClass:42 - Lunching Chrome Browser....
  2022-07-25 11:58:34 INFO  BaseClass:51 - Maximizing Browser....
  2022-07-25 11:58:40 INFO  BaseClass:56 - Opening Application URL....
  2022-07-25 11:59:16 INFO  BaseClass:64 - Closing Browser....
  2022-07-25 11:59:17 INFO  BaseClass:42 - Lunching Chrome Browser....
  2022-07-25 11:59:17 INFO  BaseClass:51 - Maximizing Browser....
  2022-07-25 11:59:20 INFO  BaseClass:56 - Opening Application URL....
  2022-07-25 11:59:51 INFO  BaseClass:64 - Closing Browser....
  2022-07-25 11:59:52 INFO  BaseClass:42 - Lunching Chrome Browser....
  2022-07-25 11:59:52 INFO  BaseClass:51 - Maximizing Browser....
  2022-07-25 11:59:55 INFO  BaseClass:56 - Opening Application URL....
  2022-07-25 12:00:27 INFO  BaseClass:64 - Closing Browser....
  2022-07-25 12:04:38 INFO  BaseClass:42 - Lunching Chrome Browser....
  2022-07-25 12:04:38 INFO  BaseClass:51 - Maximizing Browser....
  2022-07-25 12:04:44 INFO  BaseClass:56 - Opening Application URL....
  2022-07-25 12:04:45 INFO  BaseClass:42 - Lunching Chrome Browser....
  2022-07-25 12:04:46 INFO  BaseClass:51 - Maximizing Browser....
  2022-07-25 12:04:50 INFO  BaseClass:56 - Opening Application URL....
  2022-07-25 12:05:58 INFO  BaseClass:42 - Lunching Chrome Browser....
  2022-07-25 12:05:58 INFO  BaseClass:51 - Maximizing Browser....
  2022-07-25 12:06:02 INFO  BaseClass:56 - Opening Application URL....
  2022-07-25 12:06:03 INFO  BaseClass:42 - Lunching Chrome Browser....
  2022-07-25 12:06:03 INFO  BaseClass:51 - Maximizing Browser....
  2022-07-25 12:06:07 INFO  BaseClass:56 - Opening Application URL....
  2022-07-25 12:06:09 INFO  BaseClass:42 - Lunching Chrome Browser....
  2022-07-25 12:06:09 INFO  BaseClass:51 - Maximizing Browser....
  2022-07-25 12:06:12 INFO  BaseClass:56 - Opening Application URL....
  2022-07-25 12:06:13 INFO  BaseClass:42 - Lunching Chrome Browser....
  2022-07-25 12:06:14 INFO  BaseClass:51 - Maximizing Browser....
  2022-07-25 12:06:16 INFO  BaseClass:56 - Opening Application URL....
  2022-07-25 12:06:17 INFO  BaseClass:37 - ************Login the Application**********************
  2022-07-25 12:06:17 INFO  BaseClass:38 - Open Home Page
  2022-07-25 12:06:17 INFO  BaseClass:43 - Opening Home Page
  2022-07-25 12:06:29 INFO  BaseClass:47 - Title Verified Successfully.....
  2022-07-25 12:06:31 INFO  BaseClass:42 - Lunching Chrome Browser....
  2022-07-25 12:06:31 INFO  BaseClass:51 - Maximizing Browser....
  2022-07-25 12:06:35 INFO  BaseClass:56 - Opening Application URL....
  2022-07-25 12:06:35 INFO  BaseClass:37 - ************Login the Application**********************
  2022-07-25 12:06:35 INFO  BaseClass:38 - Open Home Page
  2022-07-25 12:06:57 INFO  BaseClass:42 - Lunching Chrome Browser....
  2022-07-25 12:06:57 INFO  BaseClass:51 - Maximizing Browser....
  2022-07-25 12:07:00 INFO  BaseClass:56 - Opening Application URL....
  2022-07-25 12:07:00 INFO  BaseClass:37 - ************Login the Application**********************
  2022-07-25 12:07:00 INFO  BaseClass:38 - Open Home Page
  2022-07-25 12:07:09 INFO  BaseClass:42 - Lunching Chrome Browser....
  2022-07-25 12:07:10 INFO  BaseClass:51 - Maximizing Browser....
  2022-07-25 12:07:12 INFO  BaseClass:56 - Opening Application URL....
  2022-07-25 12:07:12 INFO  BaseClass:37 - ************Login the Application**********************
  2022-07-25 12:07:12 INFO  BaseClass:38 - Open Home Page
  2022-07-25 12:07:28 INFO  BaseClass:42 - Lunching Chrome Browser....
  2022-07-25 12:07:29 INFO  BaseClass:51 - Maximizing Browser....
  2022-07-25 12:07:32 INFO  BaseClass:56 - Opening Application URL....
  2022-07-25 12:07:32 INFO  BaseClass:37 - ************Login the Application**********************
  2022-07-25 12:07:32 INFO  BaseClass:38 - Open Home Page
  2022-07-25 12:08:02 INFO  BaseClass:42 - Lunching Chrome Browser....
  2022-07-25 12:08:02 INFO  BaseClass:51 - Maximizing Browser....
  2022-07-25 12:08:06 INFO  BaseClass:56 - Opening Application URL....
  2022-07-25 12:08:07 INFO  BaseClass:37 - ************Login the Application**********************
  2022-07-25 12:08:07 INFO  BaseClass:38 - Open Home Page
  2022-07-25 12:08:18 INFO  BaseClass:42 - Lunching Chrome Browser....
  2022-07-25 12:08:18 INFO  BaseClass:51 - Maximizing Browser....
  2022-07-25 12:08:21 INFO  BaseClass:56 - Opening Application URL....
  2022-07-25 12:08:21 INFO  BaseClass:37 - ************Login the Application**********************
  2022-07-25 12:08:21 INFO  BaseClass:38 - Open Home Page
  2022-07-25 12:08:34 INFO  BaseClass:42 - Lunching Chrome Browser....
  2022-07-25 12:08:34 INFO  BaseClass:51 - Maximizing Browser....
  2022-07-25 12:08:37 INFO  BaseClass:56 - Opening Application URL....
  2022-07-25 12:08:38 INFO  BaseClass:37 - ************Login the Application**********************
  2022-07-25 12:08:38 INFO  BaseClass:38 - Open Home Page
  2022-07-25 12:08:48 INFO  BaseClass:42 - Lunching Chrome Browser....
  2022-07-25 12:08:48 INFO  BaseClass:51 - Maximizing Browser....
  2022-07-25 12:08:53 INFO  BaseClass:56 - Opening Application URL....
  2022-07-25 12:09:14 INFO  BaseClass:64 - Closing Browser....
  2022-07-25 12:09:15 INFO  BaseClass:42 - Lunching Chrome Browser....
  2022-07-25 12:09:16 INFO  BaseClass:51 - Maximizing Browser....
  2022-07-25 12:09:19 INFO  BaseClass:56 - Opening Application URL....
  2022-07-25 12:09:52 INFO  BaseClass:64 - Closing Browser....
  2022-07-25 12:09:53 INFO  BaseClass:42 - Lunching Chrome Browser....
  2022-07-25 12:09:53 INFO  BaseClass:51 - Maximizing Browser....
  2022-07-25 12:09:55 INFO  BaseClass:56 - Opening Application URL....
  2022-07-25 12:10:16 INFO  BaseClass:64 - Closing Browser....
  2022-07-25 12:10:17 INFO  BaseClass:42 - Lunching Chrome Browser....
  2022-07-25 12:10:17 INFO  BaseClass:51 - Maximizing Browser....
  2022-07-25 12:10:21 INFO  BaseClass:56 - Opening Application URL....
  2022-07-25 12:10:31 INFO  BaseClass:76 - Closing Browser....
  2022-07-25 12:10:32 INFO  BaseClass:42 - Lunching Chrome Browser....
  2022-07-25 12:10:32 INFO  BaseClass:51 - Maximizing Browser....
  2022-07-25 12:10:35 INFO  BaseClass:56 - Opening Application URL....
  2022-07-25 12:10:49 INFO  BaseClass:76 - Closing Browser....
  2022-07-25 12:10:50 INFO  BaseClass:42 - Lunching Chrome Browser....
  2022-07-25 12:10:50 INFO  BaseClass:51 - Maximizing Browser....
  2022-07-25 12:10:54 INFO  BaseClass:56 - Opening Application URL....
  2022-07-25 12:11:06 INFO  BaseClass:76 - Closing Browser....
  2022-07-25 12:11:08 INFO  BaseClass:42 - Lunching Chrome Browser....
  2022-07-25 12:11:08 INFO  BaseClass:51 - Maximizing Browser....
  2022-07-25 12:11:11 INFO  BaseClass:56 - Opening Application URL....
  2022-07-25 12:11:21 INFO  BaseClass:76 - Closing Browser....
  2022-07-25 12:11:22 INFO  BaseClass:42 - Lunching Chrome Browser....
  2022-07-25 12:11:22 INFO  BaseClass:51 - Maximizing Browser....
  2022-07-25 12:11:25 INFO  BaseClass:56 - Opening Application URL....
  2022-07-25 12:11:56 INFO  BaseClass:76 - Closing Browser....
  2022-07-25 12:11:58 INFO  BaseClass:42 - Lunching Chrome Browser....
  2022-07-25 12:11:58 INFO  BaseClass:51 - Maximizing Browser....
  2022-07-25 12:12:00 INFO  BaseClass:56 - Opening Application URL....
  2022-07-25 12:12:32 INFO  BaseClass:76 - Closing Browser....
  2022-07-25 12:12:33 INFO  BaseClass:42 - Lunching Chrome Browser....
  2022-07-25 12:12:33 INFO  BaseClass:51 - Maximizing Browser....
  2022-07-25 12:12:36 INFO  BaseClass:56 - Opening Application URL....
  2022-07-25 12:13:18 INFO  BaseClass:76 - Closing Browser....
  2022-07-25 12:13:19 INFO  BaseClass:42 - Lunching Chrome Browser....
  2022-07-25 12:13:19 INFO  BaseClass:51 - Maximizing Browser....
  2022-07-25 12:13:22 INFO  BaseClass:56 - Opening Application URL....
  2022-07-25 12:13:23 INFO  BaseClass:42 - Lunching Chrome Browser....
  2022-07-25 12:13:24 INFO  BaseClass:51 - Maximizing Browser....
  2022-07-25 12:13:27 INFO  BaseClass:56 - Opening Application URL....
  